************* Module isoformant
/gstore/home/led13/git/isoformant/isoformant/isoformant.py:41:43: C0303: Trailing whitespace (trailing-whitespace)
/gstore/home/led13/git/isoformant/isoformant/isoformant.py:42:39: C0303: Trailing whitespace (trailing-whitespace)
/gstore/home/led13/git/isoformant/isoformant/isoformant.py:67:0: C0303: Trailing whitespace (trailing-whitespace)
/gstore/home/led13/git/isoformant/isoformant/isoformant.py:45:0: C0301: Line too long (106/100) (line-too-long)
/gstore/home/led13/git/isoformant/isoformant/isoformant.py:72:0: C0303: Trailing whitespace (trailing-whitespace)
/gstore/home/led13/git/isoformant/isoformant/isoformant.py:75:0: C0303: Trailing whitespace (trailing-whitespace)
/gstore/home/led13/git/isoformant/isoformant/isoformant.py:86:0: C0301: Line too long (102/100) (line-too-long)
/gstore/home/led13/git/isoformant/isoformant/isoformant.py:87:43: C0303: Trailing whitespace (trailing-whitespace)
/gstore/home/led13/git/isoformant/isoformant/isoformant.py:94:0: C0303: Trailing whitespace (trailing-whitespace)
/gstore/home/led13/git/isoformant/isoformant/isoformant.py:95:16: C0303: Trailing whitespace (trailing-whitespace)
/gstore/home/led13/git/isoformant/isoformant/isoformant.py:97:0: C0303: Trailing whitespace (trailing-whitespace)
/gstore/home/led13/git/isoformant/isoformant/isoformant.py:102:0: C0303: Trailing whitespace (trailing-whitespace)
/gstore/home/led13/git/isoformant/isoformant/isoformant.py:105:0: C0301: Line too long (122/100) (line-too-long)
/gstore/home/led13/git/isoformant/isoformant/isoformant.py:129:0: C0303: Trailing whitespace (trailing-whitespace)
/gstore/home/led13/git/isoformant/isoformant/isoformant.py:133:15: C0303: Trailing whitespace (trailing-whitespace)
/gstore/home/led13/git/isoformant/isoformant/isoformant.py:135:0: C0303: Trailing whitespace (trailing-whitespace)
/gstore/home/led13/git/isoformant/isoformant/isoformant.py:137:0: C0303: Trailing whitespace (trailing-whitespace)
/gstore/home/led13/git/isoformant/isoformant/isoformant.py:141:0: C0303: Trailing whitespace (trailing-whitespace)
/gstore/home/led13/git/isoformant/isoformant/isoformant.py:147:0: C0303: Trailing whitespace (trailing-whitespace)
/gstore/home/led13/git/isoformant/isoformant/isoformant.py:150:0: C0303: Trailing whitespace (trailing-whitespace)
/gstore/home/led13/git/isoformant/isoformant/isoformant.py:155:0: C0303: Trailing whitespace (trailing-whitespace)
/gstore/home/led13/git/isoformant/isoformant/isoformant.py:157:0: C0301: Line too long (111/100) (line-too-long)
/gstore/home/led13/git/isoformant/isoformant/isoformant.py:162:0: C0303: Trailing whitespace (trailing-whitespace)
/gstore/home/led13/git/isoformant/isoformant/isoformant.py:186:0: C0303: Trailing whitespace (trailing-whitespace)
/gstore/home/led13/git/isoformant/isoformant/isoformant.py:188:0: C0303: Trailing whitespace (trailing-whitespace)
/gstore/home/led13/git/isoformant/isoformant/isoformant.py:196:0: C0303: Trailing whitespace (trailing-whitespace)
/gstore/home/led13/git/isoformant/isoformant/isoformant.py:201:39: C0303: Trailing whitespace (trailing-whitespace)
/gstore/home/led13/git/isoformant/isoformant/isoformant.py:203:0: C0303: Trailing whitespace (trailing-whitespace)
/gstore/home/led13/git/isoformant/isoformant/isoformant.py:206:0: C0303: Trailing whitespace (trailing-whitespace)
/gstore/home/led13/git/isoformant/isoformant/isoformant.py:212:0: C0303: Trailing whitespace (trailing-whitespace)
/gstore/home/led13/git/isoformant/isoformant/isoformant.py:216:0: C0303: Trailing whitespace (trailing-whitespace)
/gstore/home/led13/git/isoformant/isoformant/isoformant.py:226:0: C0303: Trailing whitespace (trailing-whitespace)
/gstore/home/led13/git/isoformant/isoformant/isoformant.py:237:42: C0303: Trailing whitespace (trailing-whitespace)
/gstore/home/led13/git/isoformant/isoformant/isoformant.py:241:0: C0303: Trailing whitespace (trailing-whitespace)
/gstore/home/led13/git/isoformant/isoformant/isoformant.py:245:0: C0303: Trailing whitespace (trailing-whitespace)
/gstore/home/led13/git/isoformant/isoformant/isoformant.py:248:0: C0303: Trailing whitespace (trailing-whitespace)
/gstore/home/led13/git/isoformant/isoformant/isoformant.py:251:0: C0303: Trailing whitespace (trailing-whitespace)
/gstore/home/led13/git/isoformant/isoformant/isoformant.py:258:0: C0303: Trailing whitespace (trailing-whitespace)
/gstore/home/led13/git/isoformant/isoformant/isoformant.py:262:0: C0303: Trailing whitespace (trailing-whitespace)
/gstore/home/led13/git/isoformant/isoformant/isoformant.py:283:0: C0303: Trailing whitespace (trailing-whitespace)
/gstore/home/led13/git/isoformant/isoformant/isoformant.py:294:0: C0303: Trailing whitespace (trailing-whitespace)
/gstore/home/led13/git/isoformant/isoformant/isoformant.py:295:30: C0303: Trailing whitespace (trailing-whitespace)
/gstore/home/led13/git/isoformant/isoformant/isoformant.py:304:76: C0303: Trailing whitespace (trailing-whitespace)
/gstore/home/led13/git/isoformant/isoformant/isoformant.py:328:46: C0303: Trailing whitespace (trailing-whitespace)
/gstore/home/led13/git/isoformant/isoformant/isoformant.py:330:97: C0303: Trailing whitespace (trailing-whitespace)
/gstore/home/led13/git/isoformant/isoformant/isoformant.py:334:0: C0303: Trailing whitespace (trailing-whitespace)
/gstore/home/led13/git/isoformant/isoformant/isoformant.py:358:0: C0303: Trailing whitespace (trailing-whitespace)
/gstore/home/led13/git/isoformant/isoformant/isoformant.py:366:0: C0303: Trailing whitespace (trailing-whitespace)
/gstore/home/led13/git/isoformant/isoformant/isoformant.py:386:0: C0301: Line too long (114/100) (line-too-long)
/gstore/home/led13/git/isoformant/isoformant/isoformant.py:406:41: C0303: Trailing whitespace (trailing-whitespace)
/gstore/home/led13/git/isoformant/isoformant/isoformant.py:408:0: C0303: Trailing whitespace (trailing-whitespace)
/gstore/home/led13/git/isoformant/isoformant/isoformant.py:410:0: C0303: Trailing whitespace (trailing-whitespace)
/gstore/home/led13/git/isoformant/isoformant/isoformant.py:428:0: C0303: Trailing whitespace (trailing-whitespace)
/gstore/home/led13/git/isoformant/isoformant/isoformant.py:430:31: C0303: Trailing whitespace (trailing-whitespace)
/gstore/home/led13/git/isoformant/isoformant/isoformant.py:436:0: C0303: Trailing whitespace (trailing-whitespace)
/gstore/home/led13/git/isoformant/isoformant/isoformant.py:440:0: C0303: Trailing whitespace (trailing-whitespace)
/gstore/home/led13/git/isoformant/isoformant/isoformant.py:442:54: C0303: Trailing whitespace (trailing-whitespace)
/gstore/home/led13/git/isoformant/isoformant/isoformant.py:452:0: C0303: Trailing whitespace (trailing-whitespace)
/gstore/home/led13/git/isoformant/isoformant/isoformant.py:453:0: C0301: Line too long (114/100) (line-too-long)
/gstore/home/led13/git/isoformant/isoformant/isoformant.py:461:23: C0303: Trailing whitespace (trailing-whitespace)
/gstore/home/led13/git/isoformant/isoformant/isoformant.py:472:0: C0303: Trailing whitespace (trailing-whitespace)
/gstore/home/led13/git/isoformant/isoformant/isoformant.py:479:0: C0303: Trailing whitespace (trailing-whitespace)
/gstore/home/led13/git/isoformant/isoformant/isoformant.py:487:0: C0303: Trailing whitespace (trailing-whitespace)
/gstore/home/led13/git/isoformant/isoformant/isoformant.py:500:0: C0303: Trailing whitespace (trailing-whitespace)
/gstore/home/led13/git/isoformant/isoformant/isoformant.py:506:39: C0303: Trailing whitespace (trailing-whitespace)
/gstore/home/led13/git/isoformant/isoformant/isoformant.py:507:0: C0303: Trailing whitespace (trailing-whitespace)
/gstore/home/led13/git/isoformant/isoformant/isoformant.py:515:0: C0303: Trailing whitespace (trailing-whitespace)
/gstore/home/led13/git/isoformant/isoformant/isoformant.py:527:0: C0303: Trailing whitespace (trailing-whitespace)
/gstore/home/led13/git/isoformant/isoformant/isoformant.py:540:0: C0303: Trailing whitespace (trailing-whitespace)
/gstore/home/led13/git/isoformant/isoformant/isoformant.py:545:0: C0303: Trailing whitespace (trailing-whitespace)
/gstore/home/led13/git/isoformant/isoformant/isoformant.py:557:0: C0303: Trailing whitespace (trailing-whitespace)
/gstore/home/led13/git/isoformant/isoformant/isoformant.py:560:26: C0303: Trailing whitespace (trailing-whitespace)
/gstore/home/led13/git/isoformant/isoformant/isoformant.py:570:0: C0303: Trailing whitespace (trailing-whitespace)
/gstore/home/led13/git/isoformant/isoformant/isoformant.py:593:45: C0303: Trailing whitespace (trailing-whitespace)
/gstore/home/led13/git/isoformant/isoformant/isoformant.py:598:0: C0303: Trailing whitespace (trailing-whitespace)
/gstore/home/led13/git/isoformant/isoformant/isoformant.py:601:0: C0301: Line too long (142/100) (line-too-long)
/gstore/home/led13/git/isoformant/isoformant/isoformant.py:618:0: C0303: Trailing whitespace (trailing-whitespace)
/gstore/home/led13/git/isoformant/isoformant/isoformant.py:624:0: C0303: Trailing whitespace (trailing-whitespace)
/gstore/home/led13/git/isoformant/isoformant/isoformant.py:647:0: C0301: Line too long (106/100) (line-too-long)
/gstore/home/led13/git/isoformant/isoformant/isoformant.py:652:0: C0303: Trailing whitespace (trailing-whitespace)
/gstore/home/led13/git/isoformant/isoformant/isoformant.py:660:69: C0303: Trailing whitespace (trailing-whitespace)
/gstore/home/led13/git/isoformant/isoformant/isoformant.py:673:0: C0303: Trailing whitespace (trailing-whitespace)
/gstore/home/led13/git/isoformant/isoformant/isoformant.py:677:0: C0301: Line too long (106/100) (line-too-long)
/gstore/home/led13/git/isoformant/isoformant/isoformant.py:684:0: C0303: Trailing whitespace (trailing-whitespace)
/gstore/home/led13/git/isoformant/isoformant/isoformant.py:686:0: C0304: Final newline missing (missing-final-newline)
/gstore/home/led13/git/isoformant/isoformant/isoformant.py:1:0: C0114: Missing module docstring (missing-module-docstring)
/gstore/home/led13/git/isoformant/isoformant/isoformant.py:1:0: C0410: Multiple imports on one line (os, glob, random, subprocess, warnings) (multiple-imports)
/gstore/home/led13/git/isoformant/isoformant/isoformant.py:4:0: W0401: Wildcard import plotnine (wildcard-import)
/gstore/home/led13/git/isoformant/isoformant/isoformant.py:15:0: E0611: No name 'poa' in module 'spoa' (no-name-in-module)
/gstore/home/led13/git/isoformant/isoformant/isoformant.py:18:0: C0103: Constant name "seed_value" doesn't conform to UPPER_CASE naming style (invalid-name)
/gstore/home/led13/git/isoformant/isoformant/isoformant.py:32:9: W1514: Using open without explicitly specifying an encoding (unspecified-encoding)
/gstore/home/led13/git/isoformant/isoformant/isoformant.py:33:13: W1514: Using open without explicitly specifying an encoding (unspecified-encoding)
/gstore/home/led13/git/isoformant/isoformant/isoformant.py:33:28: C0103: Variable name "f" doesn't conform to snake_case naming style (invalid-name)
/gstore/home/led13/git/isoformant/isoformant/isoformant.py:35:0: R1721: Unnecessary use of a comprehension, use list(range(0, len(data), 1)) instead. (unnecessary-comprehension)
/gstore/home/led13/git/isoformant/isoformant/isoformant.py:41:0: R0913: Too many arguments (9/5) (too-many-arguments)
/gstore/home/led13/git/isoformant/isoformant/isoformant.py:77:9: E1101: Module 'pysam' has no 'AlignmentFile' member (no-member)
/gstore/home/led13/git/isoformant/isoformant/isoformant.py:79:13: E1101: Module 'pysam' has no 'AlignmentFile' member (no-member)
/gstore/home/led13/git/isoformant/isoformant/isoformant.py:81:17: W1514: Using open without explicitly specifying an encoding (unspecified-encoding)
/gstore/home/led13/git/isoformant/isoformant/isoformant.py:83:25: C0103: Variable name "s" doesn't conform to snake_case naming style (invalid-name)
/gstore/home/led13/git/isoformant/isoformant/isoformant.py:100:41: W0631: Using possibly undefined loop variable 'idx' (undefined-loop-variable)
/gstore/home/led13/git/isoformant/isoformant/isoformant.py:105:0: R0913: Too many arguments (9/5) (too-many-arguments)
/gstore/home/led13/git/isoformant/isoformant/isoformant.py:105:0: R0914: Too many local variables (30/15) (too-many-locals)
/gstore/home/led13/git/isoformant/isoformant/isoformant.py:139:7: C0121: Comparison 'os.path.exists(dest_dir) == False' should be 'os.path.exists(dest_dir) is False' if checking for the singleton value False, or 'not os.path.exists(dest_dir)' if testing for falsiness (singleton-comparison)
/gstore/home/led13/git/isoformant/isoformant/isoformant.py:160:8: E1101: Module 'pysam' has no 'sort' member (no-member)
/gstore/home/led13/git/isoformant/isoformant/isoformant.py:161:8: E1101: Module 'pysam' has no 'index' member (no-member)
/gstore/home/led13/git/isoformant/isoformant/isoformant.py:168:4: E1101: Module 'pysam' has no 'merge' member (no-member)
/gstore/home/led13/git/isoformant/isoformant/isoformant.py:169:4: E1101: Module 'pysam' has no 'sort' member (no-member)
/gstore/home/led13/git/isoformant/isoformant/isoformant.py:170:4: E1101: Module 'pysam' has no 'index' member (no-member)
/gstore/home/led13/git/isoformant/isoformant/isoformant.py:175:4: R1730: Consider using 'min_reads = min(min_reads, max_reads)' instead of unnecessary if block (consider-using-min-builtin)
/gstore/home/led13/git/isoformant/isoformant/isoformant.py:178:9: W1514: Using open without explicitly specifying an encoding (unspecified-encoding)
/gstore/home/led13/git/isoformant/isoformant/isoformant.py:179:17: C0103: Variable name "f" doesn't conform to snake_case naming style (invalid-name)
/gstore/home/led13/git/isoformant/isoformant/isoformant.py:180:17: W1514: Using open without explicitly specifying an encoding (unspecified-encoding)
/gstore/home/led13/git/isoformant/isoformant/isoformant.py:181:20: C0103: Variable name "n" doesn't conform to snake_case naming style (invalid-name)
/gstore/home/led13/git/isoformant/isoformant/isoformant.py:146:8: W0612: Unused variable 'sortedbamindex' (unused-variable)
/gstore/home/led13/git/isoformant/isoformant/isoformant.py:179:12: W0612: Unused variable 'key' (unused-variable)
/gstore/home/led13/git/isoformant/isoformant/isoformant.py:189:0: R0914: Too many local variables (19/15) (too-many-locals)
/gstore/home/led13/git/isoformant/isoformant/isoformant.py:208:9: W1514: Using open without explicitly specifying an encoding (unspecified-encoding)
/gstore/home/led13/git/isoformant/isoformant/isoformant.py:211:18: W0631: Using possibly undefined loop variable 'nrow' (undefined-loop-variable)
/gstore/home/led13/git/isoformant/isoformant/isoformant.py:220:9: W1514: Using open without explicitly specifying an encoding (unspecified-encoding)
/gstore/home/led13/git/isoformant/isoformant/isoformant.py:265:0: W0102: Dangerous default value [] as argument (dangerous-default-value)
/gstore/home/led13/git/isoformant/isoformant/isoformant.py:288:7: C0121: Comparison 'plot == True' should be 'plot is True' if checking for the singleton value True, or 'plot' if testing for truthiness (singleton-comparison)
/gstore/home/led13/git/isoformant/isoformant/isoformant.py:295:0: W0102: Dangerous default value [] as argument (dangerous-default-value)
/gstore/home/led13/git/isoformant/isoformant/isoformant.py:295:0: R0913: Too many arguments (8/5) (too-many-arguments)
/gstore/home/led13/git/isoformant/isoformant/isoformant.py:335:7: C0121: Comparison 'plot == True' should be 'plot is True' if checking for the singleton value True, or 'plot' if testing for truthiness (singleton-comparison)
/gstore/home/led13/git/isoformant/isoformant/isoformant.py:342:0: R0913: Too many arguments (6/5) (too-many-arguments)
/gstore/home/led13/git/isoformant/isoformant/isoformant.py:342:0: R0914: Too many local variables (22/15) (too-many-locals)
/gstore/home/led13/git/isoformant/isoformant/isoformant.py:372:12: C0103: Variable name "f" doesn't conform to snake_case naming style (invalid-name)
/gstore/home/led13/git/isoformant/isoformant/isoformant.py:384:9: E1101: Module 'pysam' has no 'AlignmentFile' member (no-member)
/gstore/home/led13/git/isoformant/isoformant/isoformant.py:386:17: E1101: Module 'pysam' has no 'AlignmentFile' member (no-member)
/gstore/home/led13/git/isoformant/isoformant/isoformant.py:388:12: C0103: Variable name "s" doesn't conform to snake_case naming style (invalid-name)
/gstore/home/led13/git/isoformant/isoformant/isoformant.py:397:12: C0103: Variable name "f" doesn't conform to snake_case naming style (invalid-name)
/gstore/home/led13/git/isoformant/isoformant/isoformant.py:406:8: E1101: Module 'pysam' has no 'sort' member (no-member)
/gstore/home/led13/git/isoformant/isoformant/isoformant.py:407:8: E1101: Module 'pysam' has no 'index' member (no-member)
/gstore/home/led13/git/isoformant/isoformant/isoformant.py:342:91: W0613: Unused argument 'ncore' (unused-argument)
/gstore/home/led13/git/isoformant/isoformant/isoformant.py:411:0: R0913: Too many arguments (6/5) (too-many-arguments)
/gstore/home/led13/git/isoformant/isoformant/isoformant.py:438:7: C0121: Comparison 'sirv == True' should be 'sirv is True' if checking for the singleton value True, or 'sirv' if testing for truthiness (singleton-comparison)
/gstore/home/led13/git/isoformant/isoformant/isoformant.py:448:7: C0121: Comparison 'messages == True' should be 'messages is True' if checking for the singleton value True, or 'messages' if testing for truthiness (singleton-comparison)
/gstore/home/led13/git/isoformant/isoformant/isoformant.py:441:14: R1732: Consider using 'with' for resource-allocating operations (consider-using-with)
/gstore/home/led13/git/isoformant/isoformant/isoformant.py:453:0: R0913: Too many arguments (8/5) (too-many-arguments)
/gstore/home/led13/git/isoformant/isoformant/isoformant.py:453:0: R0914: Too many local variables (28/15) (too-many-locals)
/gstore/home/led13/git/isoformant/isoformant/isoformant.py:485:12: C0103: Variable name "f" doesn't conform to snake_case naming style (invalid-name)
/gstore/home/led13/git/isoformant/isoformant/isoformant.py:503:9: W1514: Using open without explicitly specifying an encoding (unspecified-encoding)
/gstore/home/led13/git/isoformant/isoformant/isoformant.py:513:4: E1101: Module 'pysam' has no 'sort' member (no-member)
/gstore/home/led13/git/isoformant/isoformant/isoformant.py:514:4: E1101: Module 'pysam' has no 'index' member (no-member)
/gstore/home/led13/git/isoformant/isoformant/isoformant.py:518:9: E1101: Module 'pysam' has no 'AlignmentFile' member (no-member)
/gstore/home/led13/git/isoformant/isoformant/isoformant.py:519:12: C0103: Variable name "s" doesn't conform to snake_case naming style (invalid-name)
/gstore/home/led13/git/isoformant/isoformant/isoformant.py:524:17: E1101: Module 'pysam' has no 'AlignmentFile' member (no-member)
/gstore/home/led13/git/isoformant/isoformant/isoformant.py:526:12: E1101: Module 'pysam' has no 'index' member (no-member)
/gstore/home/led13/git/isoformant/isoformant/isoformant.py:453:51: W0613: Unused argument 'cluster_label' (unused-argument)
/gstore/home/led13/git/isoformant/isoformant/isoformant.py:530:0: C0103: Function name "plot_highlight_COI" doesn't conform to snake_case naming style (invalid-name)
/gstore/home/led13/git/isoformant/isoformant/isoformant.py:530:0: C0103: Argument name "COI" doesn't conform to snake_case naming style (invalid-name)
/gstore/home/led13/git/isoformant/isoformant/isoformant.py:558:0: W0102: Dangerous default value [] as argument (dangerous-default-value)
/gstore/home/led13/git/isoformant/isoformant/isoformant.py:601:0: W0102: Dangerous default value [] as argument (dangerous-default-value)
/gstore/home/led13/git/isoformant/isoformant/isoformant.py:601:0: R0913: Too many arguments (7/5) (too-many-arguments)
/gstore/home/led13/git/isoformant/isoformant/isoformant.py:657:0: R0913: Too many arguments (6/5) (too-many-arguments)
/gstore/home/led13/git/isoformant/isoformant/isoformant.py:4:0: W0614: Unused import get_versions from wildcard import (unused-wildcard-import)
/gstore/home/led13/git/isoformant/isoformant/isoformant.py:4:0: W0614: Unused import qplot from wildcard import (unused-wildcard-import)
/gstore/home/led13/git/isoformant/isoformant/isoformant.py:4:0: W0614: Unused import save_as_pdf_pages from wildcard import (unused-wildcard-import)
/gstore/home/led13/git/isoformant/isoformant/isoformant.py:4:0: W0614: Unused import watermark from wildcard import (unused-wildcard-import)
/gstore/home/led13/git/isoformant/isoformant/isoformant.py:4:0: W0614: Unused import after_stat from wildcard import (unused-wildcard-import)
/gstore/home/led13/git/isoformant/isoformant/isoformant.py:4:0: W0614: Unused import after_scale from wildcard import (unused-wildcard-import)
/gstore/home/led13/git/isoformant/isoformant/isoformant.py:4:0: W0614: Unused import stage from wildcard import (unused-wildcard-import)
/gstore/home/led13/git/isoformant/isoformant/isoformant.py:4:0: W0614: Unused import xlab from wildcard import (unused-wildcard-import)
/gstore/home/led13/git/isoformant/isoformant/isoformant.py:4:0: W0614: Unused import ylab from wildcard import (unused-wildcard-import)
/gstore/home/led13/git/isoformant/isoformant/isoformant.py:4:0: W0614: Unused import deepcopy from wildcard import (unused-wildcard-import)
/gstore/home/led13/git/isoformant/isoformant/isoformant.py:4:0: W0614: Unused import rename_aesthetics from wildcard import (unused-wildcard-import)
/gstore/home/led13/git/isoformant/isoformant/isoformant.py:4:0: W0614: Unused import PlotnineError from wildcard import (unused-wildcard-import)
/gstore/home/led13/git/isoformant/isoformant/isoformant.py:4:0: W0614: Unused import coord_cartesian from wildcard import (unused-wildcard-import)
/gstore/home/led13/git/isoformant/isoformant/isoformant.py:4:0: W0614: Unused import coord_fixed from wildcard import (unused-wildcard-import)
/gstore/home/led13/git/isoformant/isoformant/isoformant.py:4:0: W0614: Unused import coord_equal from wildcard import (unused-wildcard-import)
/gstore/home/led13/git/isoformant/isoformant/isoformant.py:4:0: W0614: Unused import coord_flip from wildcard import (unused-wildcard-import)
/gstore/home/led13/git/isoformant/isoformant/isoformant.py:4:0: W0614: Unused import coord_trans from wildcard import (unused-wildcard-import)
/gstore/home/led13/git/isoformant/isoformant/isoformant.py:4:0: W0614: Unused import geom_abline from wildcard import (unused-wildcard-import)
/gstore/home/led13/git/isoformant/isoformant/isoformant.py:4:0: W0614: Unused import geom_area from wildcard import (unused-wildcard-import)
/gstore/home/led13/git/isoformant/isoformant/isoformant.py:4:0: W0614: Unused import geom_bin2d from wildcard import (unused-wildcard-import)
/gstore/home/led13/git/isoformant/isoformant/isoformant.py:4:0: W0614: Unused import geom_blank from wildcard import (unused-wildcard-import)
/gstore/home/led13/git/isoformant/isoformant/isoformant.py:4:0: W0614: Unused import geom_boxplot from wildcard import (unused-wildcard-import)
/gstore/home/led13/git/isoformant/isoformant/isoformant.py:4:0: W0614: Unused import geom_col from wildcard import (unused-wildcard-import)
/gstore/home/led13/git/isoformant/isoformant/isoformant.py:4:0: W0614: Unused import geom_count from wildcard import (unused-wildcard-import)
/gstore/home/led13/git/isoformant/isoformant/isoformant.py:4:0: W0614: Unused import geom_crossbar from wildcard import (unused-wildcard-import)
/gstore/home/led13/git/isoformant/isoformant/isoformant.py:4:0: W0614: Unused import geom_density from wildcard import (unused-wildcard-import)
/gstore/home/led13/git/isoformant/isoformant/isoformant.py:4:0: W0614: Unused import geom_density_2d from wildcard import (unused-wildcard-import)
/gstore/home/led13/git/isoformant/isoformant/isoformant.py:4:0: W0614: Unused import geom_dotplot from wildcard import (unused-wildcard-import)
/gstore/home/led13/git/isoformant/isoformant/isoformant.py:4:0: W0614: Unused import geom_errorbar from wildcard import (unused-wildcard-import)
/gstore/home/led13/git/isoformant/isoformant/isoformant.py:4:0: W0614: Unused import geom_errorbarh from wildcard import (unused-wildcard-import)
/gstore/home/led13/git/isoformant/isoformant/isoformant.py:4:0: W0614: Unused import geom_freqpoly from wildcard import (unused-wildcard-import)
/gstore/home/led13/git/isoformant/isoformant/isoformant.py:4:0: W0614: Unused import geom_histogram from wildcard import (unused-wildcard-import)
/gstore/home/led13/git/isoformant/isoformant/isoformant.py:4:0: W0614: Unused import geom_hline from wildcard import (unused-wildcard-import)
/gstore/home/led13/git/isoformant/isoformant/isoformant.py:4:0: W0614: Unused import geom_jitter from wildcard import (unused-wildcard-import)
/gstore/home/led13/git/isoformant/isoformant/isoformant.py:4:0: W0614: Unused import geom_label from wildcard import (unused-wildcard-import)
/gstore/home/led13/git/isoformant/isoformant/isoformant.py:4:0: W0614: Unused import geom_line from wildcard import (unused-wildcard-import)
/gstore/home/led13/git/isoformant/isoformant/isoformant.py:4:0: W0614: Unused import geom_linerange from wildcard import (unused-wildcard-import)
/gstore/home/led13/git/isoformant/isoformant/isoformant.py:4:0: W0614: Unused import geom_map from wildcard import (unused-wildcard-import)
/gstore/home/led13/git/isoformant/isoformant/isoformant.py:4:0: W0614: Unused import geom_path from wildcard import (unused-wildcard-import)
/gstore/home/led13/git/isoformant/isoformant/isoformant.py:4:0: W0614: Unused import geom_pointrange from wildcard import (unused-wildcard-import)
/gstore/home/led13/git/isoformant/isoformant/isoformant.py:4:0: W0614: Unused import geom_polygon from wildcard import (unused-wildcard-import)
/gstore/home/led13/git/isoformant/isoformant/isoformant.py:4:0: W0614: Unused import geom_qq from wildcard import (unused-wildcard-import)
/gstore/home/led13/git/isoformant/isoformant/isoformant.py:4:0: W0614: Unused import geom_qq_line from wildcard import (unused-wildcard-import)
/gstore/home/led13/git/isoformant/isoformant/isoformant.py:4:0: W0614: Unused import geom_quantile from wildcard import (unused-wildcard-import)
/gstore/home/led13/git/isoformant/isoformant/isoformant.py:4:0: W0614: Unused import geom_raster from wildcard import (unused-wildcard-import)
/gstore/home/led13/git/isoformant/isoformant/isoformant.py:4:0: W0614: Unused import geom_rect from wildcard import (unused-wildcard-import)
/gstore/home/led13/git/isoformant/isoformant/isoformant.py:4:0: W0614: Unused import geom_ribbon from wildcard import (unused-wildcard-import)
/gstore/home/led13/git/isoformant/isoformant/isoformant.py:4:0: W0614: Unused import geom_rug from wildcard import (unused-wildcard-import)
/gstore/home/led13/git/isoformant/isoformant/isoformant.py:4:0: W0614: Unused import geom_segment from wildcard import (unused-wildcard-import)
/gstore/home/led13/git/isoformant/isoformant/isoformant.py:4:0: W0614: Unused import geom_sina from wildcard import (unused-wildcard-import)
/gstore/home/led13/git/isoformant/isoformant/isoformant.py:4:0: W0614: Unused import geom_smooth from wildcard import (unused-wildcard-import)
/gstore/home/led13/git/isoformant/isoformant/isoformant.py:4:0: W0614: Unused import geom_spoke from wildcard import (unused-wildcard-import)
/gstore/home/led13/git/isoformant/isoformant/isoformant.py:4:0: W0614: Unused import geom_step from wildcard import (unused-wildcard-import)
/gstore/home/led13/git/isoformant/isoformant/isoformant.py:4:0: W0614: Unused import geom_text from wildcard import (unused-wildcard-import)
/gstore/home/led13/git/isoformant/isoformant/isoformant.py:4:0: W0614: Unused import geom_tile from wildcard import (unused-wildcard-import)
/gstore/home/led13/git/isoformant/isoformant/isoformant.py:4:0: W0614: Unused import geom_violin from wildcard import (unused-wildcard-import)
/gstore/home/led13/git/isoformant/isoformant/isoformant.py:4:0: W0614: Unused import geom_vline from wildcard import (unused-wildcard-import)
/gstore/home/led13/git/isoformant/isoformant/isoformant.py:4:0: W0614: Unused import arrow from wildcard import (unused-wildcard-import)
/gstore/home/led13/git/isoformant/isoformant/isoformant.py:4:0: W0614: Unused import annotate from wildcard import (unused-wildcard-import)
/gstore/home/led13/git/isoformant/isoformant/isoformant.py:4:0: W0614: Unused import annotation_logticks from wildcard import (unused-wildcard-import)
/gstore/home/led13/git/isoformant/isoformant/isoformant.py:4:0: W0614: Unused import annotation_stripes from wildcard import (unused-wildcard-import)
/gstore/home/led13/git/isoformant/isoformant/isoformant.py:4:0: W0614: Unused import stat_count from wildcard import (unused-wildcard-import)
/gstore/home/led13/git/isoformant/isoformant/isoformant.py:4:0: W0614: Unused import stat_bin from wildcard import (unused-wildcard-import)
/gstore/home/led13/git/isoformant/isoformant/isoformant.py:4:0: W0614: Unused import stat_bin_2d from wildcard import (unused-wildcard-import)
/gstore/home/led13/git/isoformant/isoformant/isoformant.py:4:0: W0614: Unused import stat_bin2d from wildcard import (unused-wildcard-import)
/gstore/home/led13/git/isoformant/isoformant/isoformant.py:4:0: W0614: Unused import stat_bindot from wildcard import (unused-wildcard-import)
/gstore/home/led13/git/isoformant/isoformant/isoformant.py:4:0: W0614: Unused import stat_boxplot from wildcard import (unused-wildcard-import)
/gstore/home/led13/git/isoformant/isoformant/isoformant.py:4:0: W0614: Unused import stat_density from wildcard import (unused-wildcard-import)
/gstore/home/led13/git/isoformant/isoformant/isoformant.py:4:0: W0614: Unused import stat_density_2d from wildcard import (unused-wildcard-import)
/gstore/home/led13/git/isoformant/isoformant/isoformant.py:4:0: W0614: Unused import stat_ecdf from wildcard import (unused-wildcard-import)
/gstore/home/led13/git/isoformant/isoformant/isoformant.py:4:0: W0614: Unused import stat_ellipse from wildcard import (unused-wildcard-import)
/gstore/home/led13/git/isoformant/isoformant/isoformant.py:4:0: W0614: Unused import stat_function from wildcard import (unused-wildcard-import)
/gstore/home/led13/git/isoformant/isoformant/isoformant.py:4:0: W0614: Unused import stat_hull from wildcard import (unused-wildcard-import)
/gstore/home/led13/git/isoformant/isoformant/isoformant.py:4:0: W0614: Unused import stat_identity from wildcard import (unused-wildcard-import)
/gstore/home/led13/git/isoformant/isoformant/isoformant.py:4:0: W0614: Unused import stat_qq from wildcard import (unused-wildcard-import)
/gstore/home/led13/git/isoformant/isoformant/isoformant.py:4:0: W0614: Unused import stat_qq_line from wildcard import (unused-wildcard-import)
/gstore/home/led13/git/isoformant/isoformant/isoformant.py:4:0: W0614: Unused import stat_quantile from wildcard import (unused-wildcard-import)
/gstore/home/led13/git/isoformant/isoformant/isoformant.py:4:0: W0614: Unused import stat_sina from wildcard import (unused-wildcard-import)
/gstore/home/led13/git/isoformant/isoformant/isoformant.py:4:0: W0614: Unused import stat_smooth from wildcard import (unused-wildcard-import)
/gstore/home/led13/git/isoformant/isoformant/isoformant.py:4:0: W0614: Unused import stat_sum from wildcard import (unused-wildcard-import)
/gstore/home/led13/git/isoformant/isoformant/isoformant.py:4:0: W0614: Unused import stat_summary from wildcard import (unused-wildcard-import)
/gstore/home/led13/git/isoformant/isoformant/isoformant.py:4:0: W0614: Unused import stat_summary_bin from wildcard import (unused-wildcard-import)
/gstore/home/led13/git/isoformant/isoformant/isoformant.py:4:0: W0614: Unused import stat_unique from wildcard import (unused-wildcard-import)
/gstore/home/led13/git/isoformant/isoformant/isoformant.py:4:0: W0614: Unused import stat_ydensity from wildcard import (unused-wildcard-import)
/gstore/home/led13/git/isoformant/isoformant/isoformant.py:4:0: W0614: Unused import scale_alpha from wildcard import (unused-wildcard-import)
/gstore/home/led13/git/isoformant/isoformant/isoformant.py:4:0: W0614: Unused import scale_alpha_continuous from wildcard import (unused-wildcard-import)
/gstore/home/led13/git/isoformant/isoformant/isoformant.py:4:0: W0614: Unused import scale_alpha_ordinal from wildcard import (unused-wildcard-import)
/gstore/home/led13/git/isoformant/isoformant/isoformant.py:4:0: W0614: Unused import scale_alpha_discrete from wildcard import (unused-wildcard-import)
/gstore/home/led13/git/isoformant/isoformant/isoformant.py:4:0: W0614: Unused import scale_alpha_datetime from wildcard import (unused-wildcard-import)
/gstore/home/led13/git/isoformant/isoformant/isoformant.py:4:0: W0614: Unused import scale_color_brewer from wildcard import (unused-wildcard-import)
/gstore/home/led13/git/isoformant/isoformant/isoformant.py:4:0: W0614: Unused import scale_colour_brewer from wildcard import (unused-wildcard-import)
/gstore/home/led13/git/isoformant/isoformant/isoformant.py:4:0: W0614: Unused import scale_color_cmap from wildcard import (unused-wildcard-import)
/gstore/home/led13/git/isoformant/isoformant/isoformant.py:4:0: W0614: Unused import scale_colour_cmap from wildcard import (unused-wildcard-import)
/gstore/home/led13/git/isoformant/isoformant/isoformant.py:4:0: W0614: Unused import scale_color_cmap_d from wildcard import (unused-wildcard-import)
/gstore/home/led13/git/isoformant/isoformant/isoformant.py:4:0: W0614: Unused import scale_colour_cmap_d from wildcard import (unused-wildcard-import)
/gstore/home/led13/git/isoformant/isoformant/isoformant.py:4:0: W0614: Unused import scale_color_ordinal from wildcard import (unused-wildcard-import)
/gstore/home/led13/git/isoformant/isoformant/isoformant.py:4:0: W0614: Unused import scale_colour_ordinal from wildcard import (unused-wildcard-import)
/gstore/home/led13/git/isoformant/isoformant/isoformant.py:4:0: W0614: Unused import scale_color_continuous from wildcard import (unused-wildcard-import)
/gstore/home/led13/git/isoformant/isoformant/isoformant.py:4:0: W0614: Unused import scale_colour_continuous from wildcard import (unused-wildcard-import)
/gstore/home/led13/git/isoformant/isoformant/isoformant.py:4:0: W0614: Unused import scale_color_desaturate from wildcard import (unused-wildcard-import)
/gstore/home/led13/git/isoformant/isoformant/isoformant.py:4:0: W0614: Unused import scale_colour_desaturate from wildcard import (unused-wildcard-import)
/gstore/home/led13/git/isoformant/isoformant/isoformant.py:4:0: W0614: Unused import scale_color_discrete from wildcard import (unused-wildcard-import)
/gstore/home/led13/git/isoformant/isoformant/isoformant.py:4:0: W0614: Unused import scale_colour_discrete from wildcard import (unused-wildcard-import)
/gstore/home/led13/git/isoformant/isoformant/isoformant.py:4:0: W0614: Unused import scale_color_distiller from wildcard import (unused-wildcard-import)
/gstore/home/led13/git/isoformant/isoformant/isoformant.py:4:0: W0614: Unused import scale_colour_distiller from wildcard import (unused-wildcard-import)
/gstore/home/led13/git/isoformant/isoformant/isoformant.py:4:0: W0614: Unused import scale_color_gradient from wildcard import (unused-wildcard-import)
/gstore/home/led13/git/isoformant/isoformant/isoformant.py:4:0: W0614: Unused import scale_colour_gradient from wildcard import (unused-wildcard-import)
/gstore/home/led13/git/isoformant/isoformant/isoformant.py:4:0: W0614: Unused import scale_color_gradient2 from wildcard import (unused-wildcard-import)
/gstore/home/led13/git/isoformant/isoformant/isoformant.py:4:0: W0614: Unused import scale_colour_gradient2 from wildcard import (unused-wildcard-import)
/gstore/home/led13/git/isoformant/isoformant/isoformant.py:4:0: W0614: Unused import scale_color_gradientn from wildcard import (unused-wildcard-import)
/gstore/home/led13/git/isoformant/isoformant/isoformant.py:4:0: W0614: Unused import scale_colour_gradientn from wildcard import (unused-wildcard-import)
/gstore/home/led13/git/isoformant/isoformant/isoformant.py:4:0: W0614: Unused import scale_color_grey from wildcard import (unused-wildcard-import)
/gstore/home/led13/git/isoformant/isoformant/isoformant.py:4:0: W0614: Unused import scale_colour_grey from wildcard import (unused-wildcard-import)
/gstore/home/led13/git/isoformant/isoformant/isoformant.py:4:0: W0614: Unused import scale_color_gray from wildcard import (unused-wildcard-import)
/gstore/home/led13/git/isoformant/isoformant/isoformant.py:4:0: W0614: Unused import scale_colour_gray from wildcard import (unused-wildcard-import)
/gstore/home/led13/git/isoformant/isoformant/isoformant.py:4:0: W0614: Unused import scale_color_hue from wildcard import (unused-wildcard-import)
/gstore/home/led13/git/isoformant/isoformant/isoformant.py:4:0: W0614: Unused import scale_colour_hue from wildcard import (unused-wildcard-import)
/gstore/home/led13/git/isoformant/isoformant/isoformant.py:4:0: W0614: Unused import scale_color_datetime from wildcard import (unused-wildcard-import)
/gstore/home/led13/git/isoformant/isoformant/isoformant.py:4:0: W0614: Unused import scale_colour_datetime from wildcard import (unused-wildcard-import)
/gstore/home/led13/git/isoformant/isoformant/isoformant.py:4:0: W0614: Unused import scale_fill_brewer from wildcard import (unused-wildcard-import)
/gstore/home/led13/git/isoformant/isoformant/isoformant.py:4:0: W0614: Unused import scale_fill_cmap from wildcard import (unused-wildcard-import)
/gstore/home/led13/git/isoformant/isoformant/isoformant.py:4:0: W0614: Unused import scale_fill_cmap_d from wildcard import (unused-wildcard-import)
/gstore/home/led13/git/isoformant/isoformant/isoformant.py:4:0: W0614: Unused import scale_fill_ordinal from wildcard import (unused-wildcard-import)
/gstore/home/led13/git/isoformant/isoformant/isoformant.py:4:0: W0614: Unused import scale_fill_continuous from wildcard import (unused-wildcard-import)
/gstore/home/led13/git/isoformant/isoformant/isoformant.py:4:0: W0614: Unused import scale_fill_desaturate from wildcard import (unused-wildcard-import)
/gstore/home/led13/git/isoformant/isoformant/isoformant.py:4:0: W0614: Unused import scale_fill_discrete from wildcard import (unused-wildcard-import)
/gstore/home/led13/git/isoformant/isoformant/isoformant.py:4:0: W0614: Unused import scale_fill_distiller from wildcard import (unused-wildcard-import)
/gstore/home/led13/git/isoformant/isoformant/isoformant.py:4:0: W0614: Unused import scale_fill_gradient from wildcard import (unused-wildcard-import)
/gstore/home/led13/git/isoformant/isoformant/isoformant.py:4:0: W0614: Unused import scale_fill_gradient2 from wildcard import (unused-wildcard-import)
/gstore/home/led13/git/isoformant/isoformant/isoformant.py:4:0: W0614: Unused import scale_fill_gradientn from wildcard import (unused-wildcard-import)
/gstore/home/led13/git/isoformant/isoformant/isoformant.py:4:0: W0614: Unused import scale_fill_grey from wildcard import (unused-wildcard-import)
/gstore/home/led13/git/isoformant/isoformant/isoformant.py:4:0: W0614: Unused import scale_fill_gray from wildcard import (unused-wildcard-import)
/gstore/home/led13/git/isoformant/isoformant/isoformant.py:4:0: W0614: Unused import scale_fill_hue from wildcard import (unused-wildcard-import)
/gstore/home/led13/git/isoformant/isoformant/isoformant.py:4:0: W0614: Unused import scale_fill_datetime from wildcard import (unused-wildcard-import)
/gstore/home/led13/git/isoformant/isoformant/isoformant.py:4:0: W0614: Unused import scale_alpha_identity from wildcard import (unused-wildcard-import)
/gstore/home/led13/git/isoformant/isoformant/isoformant.py:4:0: W0614: Unused import scale_color_identity from wildcard import (unused-wildcard-import)
/gstore/home/led13/git/isoformant/isoformant/isoformant.py:4:0: W0614: Unused import scale_colour_identity from wildcard import (unused-wildcard-import)
/gstore/home/led13/git/isoformant/isoformant/isoformant.py:4:0: W0614: Unused import scale_fill_identity from wildcard import (unused-wildcard-import)
/gstore/home/led13/git/isoformant/isoformant/isoformant.py:4:0: W0614: Unused import scale_linetype_identity from wildcard import (unused-wildcard-import)
/gstore/home/led13/git/isoformant/isoformant/isoformant.py:4:0: W0614: Unused import scale_shape_identity from wildcard import (unused-wildcard-import)
/gstore/home/led13/git/isoformant/isoformant/isoformant.py:4:0: W0614: Unused import scale_size_identity from wildcard import (unused-wildcard-import)
/gstore/home/led13/git/isoformant/isoformant/isoformant.py:4:0: W0614: Unused import scale_linetype from wildcard import (unused-wildcard-import)
/gstore/home/led13/git/isoformant/isoformant/isoformant.py:4:0: W0614: Unused import scale_linetype_continuous from wildcard import (unused-wildcard-import)
/gstore/home/led13/git/isoformant/isoformant/isoformant.py:4:0: W0614: Unused import scale_linetype_discrete from wildcard import (unused-wildcard-import)
/gstore/home/led13/git/isoformant/isoformant/isoformant.py:4:0: W0614: Unused import scale_alpha_manual from wildcard import (unused-wildcard-import)
/gstore/home/led13/git/isoformant/isoformant/isoformant.py:4:0: W0614: Unused import scale_color_manual from wildcard import (unused-wildcard-import)
/gstore/home/led13/git/isoformant/isoformant/isoformant.py:4:0: W0614: Unused import scale_colour_manual from wildcard import (unused-wildcard-import)
/gstore/home/led13/git/isoformant/isoformant/isoformant.py:4:0: W0614: Unused import scale_fill_manual from wildcard import (unused-wildcard-import)
/gstore/home/led13/git/isoformant/isoformant/isoformant.py:4:0: W0614: Unused import scale_linetype_manual from wildcard import (unused-wildcard-import)
/gstore/home/led13/git/isoformant/isoformant/isoformant.py:4:0: W0614: Unused import scale_shape_manual from wildcard import (unused-wildcard-import)
/gstore/home/led13/git/isoformant/isoformant/isoformant.py:4:0: W0614: Unused import scale_size_manual from wildcard import (unused-wildcard-import)
/gstore/home/led13/git/isoformant/isoformant/isoformant.py:4:0: W0614: Unused import scale_shape from wildcard import (unused-wildcard-import)
/gstore/home/led13/git/isoformant/isoformant/isoformant.py:4:0: W0614: Unused import scale_shape_continuous from wildcard import (unused-wildcard-import)
/gstore/home/led13/git/isoformant/isoformant/isoformant.py:4:0: W0614: Unused import scale_shape_discrete from wildcard import (unused-wildcard-import)
/gstore/home/led13/git/isoformant/isoformant/isoformant.py:4:0: W0614: Unused import scale_size from wildcard import (unused-wildcard-import)
/gstore/home/led13/git/isoformant/isoformant/isoformant.py:4:0: W0614: Unused import scale_size_area from wildcard import (unused-wildcard-import)
/gstore/home/led13/git/isoformant/isoformant/isoformant.py:4:0: W0614: Unused import scale_size_continuous from wildcard import (unused-wildcard-import)
/gstore/home/led13/git/isoformant/isoformant/isoformant.py:4:0: W0614: Unused import scale_size_ordinal from wildcard import (unused-wildcard-import)
/gstore/home/led13/git/isoformant/isoformant/isoformant.py:4:0: W0614: Unused import scale_size_discrete from wildcard import (unused-wildcard-import)
/gstore/home/led13/git/isoformant/isoformant/isoformant.py:4:0: W0614: Unused import scale_size_radius from wildcard import (unused-wildcard-import)
/gstore/home/led13/git/isoformant/isoformant/isoformant.py:4:0: W0614: Unused import scale_size_datetime from wildcard import (unused-wildcard-import)
/gstore/home/led13/git/isoformant/isoformant/isoformant.py:4:0: W0614: Unused import scale_stroke from wildcard import (unused-wildcard-import)
/gstore/home/led13/git/isoformant/isoformant/isoformant.py:4:0: W0614: Unused import scale_stroke_continuous from wildcard import (unused-wildcard-import)
/gstore/home/led13/git/isoformant/isoformant/isoformant.py:4:0: W0614: Unused import scale_stroke_discrete from wildcard import (unused-wildcard-import)
/gstore/home/led13/git/isoformant/isoformant/isoformant.py:4:0: W0614: Unused import scale_x_datetime from wildcard import (unused-wildcard-import)
/gstore/home/led13/git/isoformant/isoformant/isoformant.py:4:0: W0614: Unused import scale_x_date from wildcard import (unused-wildcard-import)
/gstore/home/led13/git/isoformant/isoformant/isoformant.py:4:0: W0614: Unused import scale_x_discrete from wildcard import (unused-wildcard-import)
/gstore/home/led13/git/isoformant/isoformant/isoformant.py:4:0: W0614: Unused import scale_x_continuous from wildcard import (unused-wildcard-import)
/gstore/home/led13/git/isoformant/isoformant/isoformant.py:4:0: W0614: Unused import scale_x_log10 from wildcard import (unused-wildcard-import)
/gstore/home/led13/git/isoformant/isoformant/isoformant.py:4:0: W0614: Unused import scale_y_log10 from wildcard import (unused-wildcard-import)
/gstore/home/led13/git/isoformant/isoformant/isoformant.py:4:0: W0614: Unused import scale_x_reverse from wildcard import (unused-wildcard-import)
/gstore/home/led13/git/isoformant/isoformant/isoformant.py:4:0: W0614: Unused import scale_y_reverse from wildcard import (unused-wildcard-import)
/gstore/home/led13/git/isoformant/isoformant/isoformant.py:4:0: W0614: Unused import scale_x_sqrt from wildcard import (unused-wildcard-import)
/gstore/home/led13/git/isoformant/isoformant/isoformant.py:4:0: W0614: Unused import scale_y_sqrt from wildcard import (unused-wildcard-import)
/gstore/home/led13/git/isoformant/isoformant/isoformant.py:4:0: W0614: Unused import scale_x_timedelta from wildcard import (unused-wildcard-import)
/gstore/home/led13/git/isoformant/isoformant/isoformant.py:4:0: W0614: Unused import scale_y_datetime from wildcard import (unused-wildcard-import)
/gstore/home/led13/git/isoformant/isoformant/isoformant.py:4:0: W0614: Unused import scale_y_date from wildcard import (unused-wildcard-import)
/gstore/home/led13/git/isoformant/isoformant/isoformant.py:4:0: W0614: Unused import scale_y_discrete from wildcard import (unused-wildcard-import)
/gstore/home/led13/git/isoformant/isoformant/isoformant.py:4:0: W0614: Unused import scale_y_continuous from wildcard import (unused-wildcard-import)
/gstore/home/led13/git/isoformant/isoformant/isoformant.py:4:0: W0614: Unused import scale_y_timedelta from wildcard import (unused-wildcard-import)
/gstore/home/led13/git/isoformant/isoformant/isoformant.py:4:0: W0614: Unused import xlim from wildcard import (unused-wildcard-import)
/gstore/home/led13/git/isoformant/isoformant/isoformant.py:4:0: W0614: Unused import ylim from wildcard import (unused-wildcard-import)
/gstore/home/led13/git/isoformant/isoformant/isoformant.py:4:0: W0614: Unused import lims from wildcard import (unused-wildcard-import)
/gstore/home/led13/git/isoformant/isoformant/isoformant.py:4:0: W0614: Unused import expand_limits from wildcard import (unused-wildcard-import)
/gstore/home/led13/git/isoformant/isoformant/isoformant.py:4:0: W0614: Unused import facet_grid from wildcard import (unused-wildcard-import)
/gstore/home/led13/git/isoformant/isoformant/isoformant.py:4:0: W0614: Unused import facet_null from wildcard import (unused-wildcard-import)
/gstore/home/led13/git/isoformant/isoformant/isoformant.py:4:0: W0614: Unused import label_value from wildcard import (unused-wildcard-import)
/gstore/home/led13/git/isoformant/isoformant/isoformant.py:4:0: W0614: Unused import label_both from wildcard import (unused-wildcard-import)
/gstore/home/led13/git/isoformant/isoformant/isoformant.py:4:0: W0614: Unused import label_context from wildcard import (unused-wildcard-import)
/gstore/home/led13/git/isoformant/isoformant/isoformant.py:4:0: W0614: Unused import labeller from wildcard import (unused-wildcard-import)
/gstore/home/led13/git/isoformant/isoformant/isoformant.py:4:0: W0614: Unused import as_labeller from wildcard import (unused-wildcard-import)
/gstore/home/led13/git/isoformant/isoformant/isoformant.py:4:0: W0614: Unused import theme_538 from wildcard import (unused-wildcard-import)
/gstore/home/led13/git/isoformant/isoformant/isoformant.py:4:0: W0614: Unused import theme_classic from wildcard import (unused-wildcard-import)
/gstore/home/led13/git/isoformant/isoformant/isoformant.py:4:0: W0614: Unused import theme_dark from wildcard import (unused-wildcard-import)
/gstore/home/led13/git/isoformant/isoformant/isoformant.py:4:0: W0614: Unused import theme_gray from wildcard import (unused-wildcard-import)
/gstore/home/led13/git/isoformant/isoformant/isoformant.py:4:0: W0614: Unused import theme_grey from wildcard import (unused-wildcard-import)
/gstore/home/led13/git/isoformant/isoformant/isoformant.py:4:0: W0614: Unused import theme_light from wildcard import (unused-wildcard-import)
/gstore/home/led13/git/isoformant/isoformant/isoformant.py:4:0: W0614: Unused import theme_linedraw from wildcard import (unused-wildcard-import)
/gstore/home/led13/git/isoformant/isoformant/isoformant.py:4:0: W0614: Unused import theme_matplotlib from wildcard import (unused-wildcard-import)
/gstore/home/led13/git/isoformant/isoformant/isoformant.py:4:0: W0614: Unused import theme_minimal from wildcard import (unused-wildcard-import)
/gstore/home/led13/git/isoformant/isoformant/isoformant.py:4:0: W0614: Unused import theme_seaborn from wildcard import (unused-wildcard-import)
/gstore/home/led13/git/isoformant/isoformant/isoformant.py:4:0: W0614: Unused import theme_void from wildcard import (unused-wildcard-import)
/gstore/home/led13/git/isoformant/isoformant/isoformant.py:4:0: W0614: Unused import theme_xkcd from wildcard import (unused-wildcard-import)
/gstore/home/led13/git/isoformant/isoformant/isoformant.py:4:0: W0614: Unused import theme_get from wildcard import (unused-wildcard-import)
/gstore/home/led13/git/isoformant/isoformant/isoformant.py:4:0: W0614: Unused import theme_set from wildcard import (unused-wildcard-import)
/gstore/home/led13/git/isoformant/isoformant/isoformant.py:4:0: W0614: Unused import theme_update from wildcard import (unused-wildcard-import)
/gstore/home/led13/git/isoformant/isoformant/isoformant.py:4:0: W0614: Unused import element_line from wildcard import (unused-wildcard-import)
/gstore/home/led13/git/isoformant/isoformant/isoformant.py:4:0: W0614: Unused import element_rect from wildcard import (unused-wildcard-import)
/gstore/home/led13/git/isoformant/isoformant/isoformant.py:4:0: W0614: Unused import element_text from wildcard import (unused-wildcard-import)
/gstore/home/led13/git/isoformant/isoformant/isoformant.py:4:0: W0614: Unused import position_dodge from wildcard import (unused-wildcard-import)
/gstore/home/led13/git/isoformant/isoformant/isoformant.py:4:0: W0614: Unused import position_dodge2 from wildcard import (unused-wildcard-import)
/gstore/home/led13/git/isoformant/isoformant/isoformant.py:4:0: W0614: Unused import position_fill from wildcard import (unused-wildcard-import)
/gstore/home/led13/git/isoformant/isoformant/isoformant.py:4:0: W0614: Unused import position_identity from wildcard import (unused-wildcard-import)
/gstore/home/led13/git/isoformant/isoformant/isoformant.py:4:0: W0614: Unused import position_jitter from wildcard import (unused-wildcard-import)
/gstore/home/led13/git/isoformant/isoformant/isoformant.py:4:0: W0614: Unused import position_jitterdodge from wildcard import (unused-wildcard-import)
/gstore/home/led13/git/isoformant/isoformant/isoformant.py:4:0: W0614: Unused import position_nudge from wildcard import (unused-wildcard-import)
/gstore/home/led13/git/isoformant/isoformant/isoformant.py:4:0: W0614: Unused import position_stack from wildcard import (unused-wildcard-import)
/gstore/home/led13/git/isoformant/isoformant/isoformant.py:4:0: W0614: Unused import guide_colorbar from wildcard import (unused-wildcard-import)
/gstore/home/led13/git/isoformant/isoformant/isoformant.py:4:0: W0614: Unused import guide_colourbar from wildcard import (unused-wildcard-import)
/gstore/home/led13/git/isoformant/isoformant/isoformant.py:4:0: W0614: Unused import guide_legend from wildcard import (unused-wildcard-import)
/gstore/home/led13/git/isoformant/isoformant/isoformant.py:4:0: W0614: Unused import guides from wildcard import (unused-wildcard-import)

--------------------------------------------------------------------
Your code has been rated at -6.26/10 (previous run: -6.37/10, +0.11)

